<?xml version="1.0" encoding="UTF-8"?>
<!-- Generated by org.testng.reporters.JUnitReportReporter -->
<testsuite hostname="DESKTOP-4JSDMOS" failures="0" tests="1" name="com.inetBanking.testCases.TC_AddCustomer_003" time="20.710" errors="0" timestamp="2021-10-07T19:15:35 IST" skipped="0">
  <testcase classname="com.inetBanking.testCases.TC_AddCustomer_003" name="addNewCustomer" time="20.710"/>
  <system-out/>
</testsuite> <!-- com.inetBanking.testCases.TC_AddCustomer_003 -->
