<?xml version="1.0" encoding="UTF-8"?>
<!-- Generated by org.testng.reporters.JUnitReportReporter -->
<testsuite hostname="DESKTOP-4JSDMOS" failures="0" tests="1" name="com.a3_inetBanking.testCases.TC_001_LoginTest" time="4.105" errors="0" timestamp="2022-04-22T15:21:17 IST" skipped="0">
  <testcase classname="com.a3_inetBanking.testCases.TC_001_LoginTest" name="loginTest" time="4.105"/>
  <system-out/>
</testsuite> <!-- com.a3_inetBanking.testCases.TC_001_LoginTest -->
