<?xml version="1.0" encoding="UTF-8"?>
<!-- Generated by org.testng.reporters.JUnitReportReporter -->
<testsuite hostname="DESKTOP-4JSDMOS" failures="0" tests="1" name="com.a3_inetBanking.testCases.TC_003_AddCustomer" time="19.811" errors="0" timestamp="2021-10-07T19:25:52 IST" skipped="0">
  <testcase classname="com.a3_inetBanking.testCases.TC_003_AddCustomer" name="addNewCustomer" time="19.811"/>
  <system-out/>
</testsuite> <!-- com.a3_inetBanking.testCases.TC_003_AddCustomer -->
