<?xml version="1.0" encoding="UTF-8"?>
<!-- Generated by org.testng.reporters.JUnitReportReporter -->
<testsuite hostname="DESKTOP-4JSDMOS" failures="0" tests="1" name="com.a3_inetBanking.testCases.TC_001_LoginTest" time="28.569" errors="0" timestamp="2022-04-23T14:55:02 IST" skipped="0">
  <testcase classname="com.a3_inetBanking.testCases.TC_001_LoginTest" name="loginTest" time="28.569"/>
  <system-out/>
</testsuite> <!-- com.a3_inetBanking.testCases.TC_001_LoginTest -->
